[20230309 12:00:01] ["INFO"]  ↓↓↓↓↓↓↓↓↓↓↓↓↓↓↓↓↓↓↓↓↓↓↓↓↓↓↓↓↓↓↓↓ 
[20230309 12:00:02] ["INFO"]  "Script Has been initiated" 
[20230309 12:00:02] ["INFO"]  "Currentdate : 2023-03-09-12:00:01" 
[20230309 12:00:02] ["INFO"]  "Contact table is being searched" 
[20230309 12:00:02] ["INFO"]  "CONTACT_TABLE : C:\Users\knn\Desktop\BATCH\GKT_20230221103925_CONTACT.xml" 
[20230309 12:00:02] ["INFO"]  "[0] : 2023-02-21T20:03:20Z  : 2023-02-21T20:14:05Z  : 33182  : "false"" 
[20230309 12:00:02] ["INFO"]  "[1] : 2023-02-21T21:41:04Z  : 2023-02-21T21:50:40Z  : 33183  : "false"" 
[20230309 12:00:03] ["INFO"]  "[2] : 2023-02-22T07:06:01Z  : 2023-02-22T07:16:34Z  : 33189  : "false"" 
[20230309 12:00:03] ["INFO"]  "[3] : 2023-02-22T08:43:49Z  : 2023-02-22T08:53:37Z  : 33190  : "false"" 
[20230309 12:00:03] ["INFO"]  "[4] : 2023-02-22T19:05:19Z  : 2023-02-22T19:10:30Z  : 33196  : "false"" 
[20230309 12:00:03] ["INFO"]  "[5] : 2023-02-22T20:40:13Z  : 2023-02-22T20:51:33Z  : 33197  : "false"" 
[20230309 12:00:03] ["INFO"]  "[6] : 2023-02-22T22:19:24Z  : 2023-02-22T22:25:38Z  : 33198  : "false"" 
[20230309 12:00:03] ["INFO"]  "[7] : 2023-02-23T06:08:47Z  : 2023-02-23T06:14:33Z  : 33203  : "false"" 
[20230309 12:00:04] ["INFO"]  "[8] : 2023-02-23T07:42:36Z  : 2023-02-23T07:53:55Z  : 33204  : "false"" 
[20230309 12:00:04] ["INFO"]  "[9] : 2023-02-23T09:23:17Z  : 2023-02-23T09:29:06Z  : 33205  : "false"" 
[20230309 12:00:04] ["INFO"]  "[10] : 2023-02-23T19:40:36Z  : 2023-02-23T19:50:12Z  : 33211  : "false"" 
[20230309 12:00:04] ["INFO"]  "[11] : 2023-02-23T21:17:32Z  : 2023-02-23T21:28:12Z  : 33212  : "false"" 
[20230309 12:00:04] ["INFO"]  "[12] : 2023-02-24T06:43:36Z  : 2023-02-24T06:53:00Z  : 33218  : "false"" 
[20230309 12:00:05] ["INFO"]  "[13] : 2023-02-24T08:20:00Z  : 2023-02-24T08:30:50Z  : 33219  : "false"" 
[20230309 12:00:05] ["INFO"]  "[14] : 2023-02-24T20:17:07Z  : 2023-02-24T20:28:15Z  : 33226  : "false"" 
[20230309 12:00:05] ["INFO"]  "[15] : 2023-02-24T21:55:20Z  : 2023-02-24T22:03:58Z  : 33227  : "false"" 
[20230309 12:00:05] ["INFO"]  "[16] : 2023-02-25T07:19:39Z  : 2023-02-25T07:30:38Z  : 33233  : "false"" 
[20230309 12:00:05] ["INFO"]  "[17] : 2023-02-25T08:58:23Z  : 2023-02-25T09:07:08Z  : 33234  : "false"" 
[20230309 12:00:05] ["INFO"]  "[18] : 2023-02-25T19:18:17Z  : 2023-02-25T19:25:44Z  : 33240  : "false"" 
[20230309 12:00:06] ["INFO"]  "[19] : 2023-02-25T20:54:10Z  : 2023-02-25T21:05:24Z  : 33241  : "false"" 
[20230309 12:00:06] ["INFO"]  "[20] : 2023-02-25T22:34:22Z  : 2023-02-25T22:38:04Z  : 33242  : "false"" 
[20230309 12:00:06] ["INFO"]  "[21] : 2023-02-26T06:21:39Z  : 2023-02-26T06:29:09Z  : 33247  : "false"" 
[20230309 12:00:06] ["INFO"]  "[22] : 2023-02-26T07:56:32Z  : 2023-02-26T08:07:50Z  : 33248  : "false"" 
[20230309 12:00:06] ["INFO"]  "[23] : 2023-02-26T09:39:48Z  : 2023-02-26T09:40:49Z  : 33249  : "false"" 
[20230309 12:00:07] ["INFO"]  "[24] : 2023-02-26T19:54:14Z  : 2023-02-26T20:04:36Z  : 33255  : "false"" 
[20230309 12:00:07] ["INFO"]  "[25] : 2023-02-26T21:31:39Z  : 2023-02-26T21:41:45Z  : 33256  : "false"" 
[20230309 12:00:07] ["INFO"]  "[26] : 2023-02-27T06:57:01Z  : 2023-02-27T07:07:11Z  : 33262  : "false"" 
[20230309 12:00:07] ["INFO"]  "[27] : 2023-02-27T08:34:15Z  : 2023-02-27T08:44:33Z  : 33263  : "false"" 
[20230309 12:00:07] ["INFO"]  "[28] : 2023-02-27T18:57:26Z  : 2023-02-27T18:59:37Z  : 33269  : "false"" 
[20230309 12:00:07] ["INFO"]  "[29] : 2023-02-27T20:30:59Z  : 2023-02-27T20:42:17Z  : 33270  : "false"" 
[20230309 12:00:08] ["INFO"]  "[30] : 2023-02-27T22:09:43Z  : 2023-02-27T22:17:05Z  : 33271  : "false"" 
[20230309 12:00:08] ["INFO"]  "[31] : 2023-02-28T06:00:33Z  : 2023-02-28T06:04:35Z  : 33276  : "false"" 
[20230309 12:00:08] ["INFO"]  "[32] : 2023-02-28T07:33:24Z  : 2023-02-28T07:44:38Z  : 33277  : "false"" 
[20230309 12:00:08] ["INFO"]  "[33] : 2023-02-28T09:13:12Z  : 2023-02-28T09:20:27Z  : 33278  : "false"" 
[20230309 12:00:08] ["INFO"]  "[34] : 2023-02-28T19:31:37Z  : 2023-02-28T19:40:30Z  : 33284  : "false"" 
[20230309 12:00:09] ["INFO"]  "[35] : 2023-02-28T21:08:11Z  : 2023-02-28T21:19:08Z  : 33285  : "false"" 
[20230309 12:00:09] ["INFO"]  "[36] : 2023-03-01T06:34:46Z  : 2023-03-01T06:43:31Z  : 33291  : "false"" 
[20230309 12:00:09] ["INFO"]  "[37] : 2023-03-01T08:10:35Z  : 2023-03-01T08:21:40Z  : 33292  : "false"" 
[20230309 12:00:09] ["INFO"]  "[38] : 2023-03-01T20:07:57Z  : 2023-03-01T20:18:50Z  : 33299  : "false"" 
[20230309 12:00:09] ["INFO"]  "[39] : 2023-03-01T21:45:50Z  : 2023-03-01T21:55:08Z  : 33300  : "false"" 
[20230309 12:00:09] ["INFO"]  "[40] : 2023-03-02T07:10:34Z  : 2023-03-02T07:21:17Z  : 33306  : "false"" 
[20230309 12:00:10] ["INFO"]  "[41] : 2023-03-02T08:48:40Z  : 2023-03-02T08:58:09Z  : 33307  : "false"" 
[20230309 12:00:10] ["INFO"]  "[42] : 2023-03-02T19:09:35Z  : 2023-03-02T19:15:40Z  : 33313  : "false"" 
[20230309 12:00:10] ["INFO"]  "[43] : 2023-03-02T20:44:53Z  : 2023-03-02T20:56:12Z  : 33314  : "false"" 
[20230309 12:00:10] ["INFO"]  "[44] : 2023-03-02T22:24:20Z  : 2023-03-02T22:29:52Z  : 33315  : "false"" 
[20230309 12:00:10] ["INFO"]  "[45] : 2023-03-03T06:13:03Z  : 2023-03-03T06:19:28Z  : 33320  : "false"" 
[20230309 12:00:11] ["INFO"]  "[46] : 2023-03-03T07:47:15Z  : 2023-03-03T07:58:34Z  : 33321  : "false"" 
[20230309 12:00:11] ["INFO"]  "[47] : 2023-03-03T09:28:28Z  : 2023-03-03T09:33:20Z  : 33322  : "false"" 
[20230309 12:00:11] ["INFO"]  "[48] : 2023-03-03T19:45:08Z  : 2023-03-03T19:55:01Z  : 33328  : "false"" 
[20230309 12:00:11] ["INFO"]  "[49] : 2023-03-03T21:22:14Z  : 2023-03-03T21:32:44Z  : 33329  : "false"" 
[20230309 12:00:11] ["INFO"]  "[50] : 2023-03-04T06:48:04Z  : 2023-03-04T06:57:45Z  : 33335  : "false"" 
[20230309 12:00:11] ["INFO"]  "[51] : 2023-03-04T08:24:44Z  : 2023-03-04T08:35:25Z  : 33336  : "false"" 
[20230309 12:00:12] ["INFO"]  "[52] : 2023-03-04T20:21:44Z  : 2023-03-04T20:32:56Z  : 33343  : "false"" 
[20230309 12:00:12] ["INFO"]  "[53] : 2023-03-04T22:00:06Z  : 2023-03-04T22:08:22Z  : 33344  : "false"" 
[20230309 12:00:12] ["INFO"]  "[54] : 2023-03-05T07:24:13Z  : 2023-03-05T07:35:19Z  : 33350  : "false"" 
[20230309 12:00:12] ["INFO"]  "[55] : 2023-03-05T09:03:17Z  : 2023-03-05T09:11:36Z  : 33351  : "false"" 
[20230309 12:00:12] ["INFO"]  "[56] : 2023-03-05T19:22:42Z  : 2023-03-05T19:30:41Z  : 33357  : "false"" 
[20230309 12:00:13] ["INFO"]  "[57] : 2023-03-05T20:58:50Z  : 2023-03-05T21:09:59Z  : 33358  : "false"" 
[20230309 12:00:13] ["INFO"]  "[58] : 2023-03-05T22:39:41Z  : 2023-03-05T22:41:51Z  : 33359  : "false"" 
[20230309 12:00:13] ["INFO"]  "[59] : 2023-03-06T06:25:59Z  : 2023-03-06T06:33:56Z  : 33364  : "false"" 
[20230309 12:00:13] ["INFO"]  "[60] : 2023-03-06T08:01:11Z  : 2023-03-06T08:12:26Z  : 33365  : "false"" 
[20230309 12:00:13] ["INFO"]  "[61] : 2023-03-06T19:58:47Z  : 2023-03-06T20:09:21Z  : 33372  : "false"" 
[20230309 12:00:14] ["INFO"]  "[62] : 2023-03-06T21:36:21Z  : 2023-03-06T21:46:13Z  : 33373  : "false"" 
[20230309 12:00:14] ["INFO"]  "[63] : 2023-03-07T07:01:30Z  : 2023-03-07T07:11:52Z  : 33379  : "false"" 
[20230309 12:00:14] ["INFO"]  "[64] : 2023-03-07T08:39:01Z  : 2023-03-07T08:49:05Z  : 33380  : "false"" 
[20230309 12:00:14] ["INFO"]  "[65] : 2023-03-07T19:01:13Z  : 2023-03-07T19:05:12Z  : 33386  : "false"" 
[20230309 12:00:14] ["INFO"]  "[66] : 2023-03-07T20:35:35Z  : 2023-03-07T20:46:55Z  : 33387  : "false"" 
[20230309 12:00:14] ["INFO"]  "[67] : 2023-03-07T22:14:31Z  : 2023-03-07T22:21:22Z  : 33388  : "false"" 
[20230309 12:00:15] ["INFO"]  "[68] : 2023-03-08T06:04:37Z  : 2023-03-08T06:09:35Z  : 33393  : "false"" 
[20230309 12:00:15] ["INFO"]  "[69] : 2023-03-08T07:37:58Z  : 2023-03-08T07:49:16Z  : 33394  : "false"" 
[20230309 12:00:15] ["INFO"]  "[70] : 2023-03-08T09:18:10Z  : 2023-03-08T09:24:47Z  : 33395  : "false"" 
[20230309 12:00:15] ["INFO"]  "[71] : 2023-03-08T19:36:05Z  : 2023-03-08T19:45:20Z  : 33401  : "false"" 
[20230309 12:00:15] ["INFO"]  "[72] : 2023-03-08T21:12:49Z  : 2023-03-08T21:23:39Z  : 33402  : "false"" 
[20230309 12:00:16] ["INFO"]  "[73] : 2023-03-09T06:39:09Z  : 2023-03-09T06:48:14Z  : 33408  : "false"" 
[20230309 12:00:16] ["INFO"]  "[74] : 2023-03-09T08:15:15Z  : 2023-03-09T08:26:14Z  : 33409  : "false"" 
[20230309 12:00:16] ["INFO"]  "[75] : 2023-03-09T20:12:30Z  : 2023-03-09T20:23:31Z  : 33416  : "false"" 
[20230309 12:00:16] ["INFO"]  "[76] : 2023-03-09T21:50:32Z  : 2023-03-09T21:59:32Z  : 33417  : "false"" 
[20230309 12:00:16] ["INFO"]  "[77] : 2023-03-10T07:15:04Z  : 2023-03-10T07:25:55Z  : 33423  : "false"" 
[20230309 12:00:16] ["INFO"]  "[78] : 2023-03-10T08:53:28Z  : 2023-03-10T09:02:37Z  : 33424  : "false"" 
[20230309 12:00:17] ["INFO"]  "[79] : 2023-03-10T19:13:52Z  : 2023-03-10T19:20:40Z  : 33430  : "false"" 
[20230309 12:00:17] ["INFO"]  "[80] : 2023-03-10T20:49:28Z  : 2023-03-10T21:00:45Z  : 33431  : "false"" 
[20230309 12:00:17] ["INFO"]  "[81] : 2023-03-10T22:29:14Z  : 2023-03-10T22:33:59Z  : 33432  : "false"" 
[20230309 12:00:17] ["INFO"]  "[82] : 2023-03-11T06:17:17Z  : 2023-03-11T06:24:16Z  : 33437  : "false"" 
[20230309 12:00:17] ["INFO"]  "[83] : 2023-03-11T07:51:50Z  : 2023-03-11T08:03:09Z  : 33438  : "false"" 
[20230309 12:00:18] ["INFO"]  "[84] : 2023-03-11T09:33:45Z  : 2023-03-11T09:37:20Z  : 33439  : "false"" 
[20230309 12:00:18] ["INFO"]  "[85] : 2023-03-11T19:49:37Z  : 2023-03-11T19:59:45Z  : 33445  : "false"" 
[20230309 12:00:18] ["INFO"]  "[86] : 2023-03-11T21:26:52Z  : 2023-03-11T21:37:11Z  : 33446  : "false"" 
[20230309 12:00:18] ["INFO"]  "[87] : 2023-03-12T06:52:28Z  : 2023-03-12T07:02:24Z  : 33452  : "false"" 
[20230309 12:00:18] ["INFO"]  "[88] : 2023-03-12T08:29:25Z  : 2023-03-12T08:39:56Z  : 33453  : "false"" 
[20230309 12:00:18] ["INFO"]  "[89] : 2023-03-12T20:26:17Z  : 2023-03-12T20:37:33Z  : 33460  : "false"" 
[20230309 12:00:19] ["INFO"]  "[90] : 2023-03-12T22:04:49Z  : 2023-03-12T22:12:40Z  : 33461  : "false"" 
[20230309 12:00:19] ["INFO"]  "[91] : 2023-03-13T05:56:37Z  : 2023-03-13T05:59:15Z  : 33466  : "false"" 
[20230309 12:00:19] ["INFO"]  "[92] : 2023-03-13T07:28:43Z  : 2023-03-13T07:39:54Z  : 33467  : "false"" 
[20230309 12:00:19] ["INFO"]  "[93] : 2023-03-13T09:08:07Z  : 2023-03-13T09:15:58Z  : 33468  : "false"" 
[20230309 12:00:19] ["INFO"]  "[94] : 2023-03-13T19:27:04Z  : 2023-03-13T19:35:31Z  : 33474  : "false"" 
[20230309 12:00:19] ["INFO"]  "[95] : 2023-03-13T21:03:25Z  : 2023-03-13T21:14:29Z  : 33475  : "false"" 
[20230309 12:00:20] ["INFO"]  "[96] : 2023-03-14T06:30:17Z  : 2023-03-14T06:38:38Z  : 33481  : "false"" 
[20230309 12:00:20] ["INFO"]  "[97] : 2023-03-14T08:05:47Z  : 2023-03-14T08:16:58Z  : 33482  : "false"" 
[20230309 12:00:20] ["INFO"]  "[98] : 2023-03-14T20:03:16Z  : 2023-03-14T20:14:00Z  : 33489  : "false"" 
[20230309 12:00:20] ["INFO"]  "[99] : 2023-03-14T21:40:59Z  : 2023-03-14T21:50:35Z  : 33490  : "false"" 
[20230309 12:00:20] ["INFO"]  "[100] : 2023-03-15T07:05:56Z  : 2023-03-15T07:16:29Z  : 33496  : "false"" 
[20230309 12:00:21] ["INFO"]  "[101] : 2023-03-15T08:43:43Z  : 2023-03-15T08:53:32Z  : 33497  : "false"" 
[20230309 12:00:21] ["INFO"]  "[102] : 2023-03-15T19:05:14Z  : 2023-03-15T19:10:22Z  : 33503  : "false"" 
[20230309 12:00:21] ["INFO"]  "[103] : 2023-03-15T20:40:07Z  : 2023-03-15T20:51:27Z  : 33504  : "false"" 
[20230309 12:00:21] ["INFO"]  "[104] : 2023-03-15T22:19:17Z  : 2023-03-15T22:25:33Z  : 33505  : "false"" 
[20230309 12:00:21] ["INFO"]  "[105] : 2023-03-16T06:08:42Z  : 2023-03-16T06:14:25Z  : 33510  : "false"" 
[20230309 12:00:22] ["INFO"]  "[106] : 2023-03-16T07:42:29Z  : 2023-03-16T07:53:48Z  : 33511  : "false"" 
[20230309 12:00:22] ["INFO"]  "[107] : 2023-03-16T09:23:08Z  : 2023-03-16T09:29:00Z  : 33512  : "false"" 
[20230309 12:00:22] ["INFO"]  "[108] : 2023-03-16T19:40:29Z  : 2023-03-16T19:50:03Z  : 33518  : "false"" 
[20230309 12:00:22] ["INFO"]  "[109] : 2023-03-16T21:17:24Z  : 2023-03-16T21:28:05Z  : 33519  : "false"" 
[20230309 12:00:22] ["INFO"]  "[110] : 2023-03-17T06:43:29Z  : 2023-03-17T06:52:52Z  : 33525  : "false"" 
[20230309 12:00:22] ["INFO"]  "[111] : 2023-03-17T08:19:51Z  : 2023-03-17T08:30:42Z  : 33526  : "false"" 
[20230309 12:00:23] ["INFO"]  "[112] : 2023-03-17T20:16:59Z  : 2023-03-17T20:28:06Z  : 33533  : "false"" 
[20230309 12:00:23] ["INFO"]  "[113] : 2023-03-17T21:55:10Z  : 2023-03-17T22:03:50Z  : 33534  : "false"" 
[20230309 12:00:23] ["INFO"]  "[114] : 2023-03-18T07:19:30Z  : 2023-03-18T07:30:29Z  : 33540  : "false"" 
[20230309 12:00:23] ["INFO"]  "[115] : 2023-03-18T08:58:12Z  : 2023-03-18T09:06:59Z  : 33541  : "false"" 
[20230309 12:00:23] ["INFO"]  "[116] : 2023-03-18T19:18:07Z  : 2023-03-18T19:25:32Z  : 33547  : "false"" 
[20230309 12:00:24] ["INFO"]  "[117] : 2023-03-18T20:54:00Z  : 2023-03-18T21:05:14Z  : 33548  : "false"" 
[20230309 12:00:24] ["INFO"]  "[118] : 2023-03-18T22:34:10Z  : 2023-03-18T22:37:56Z  : 33549  : "false"" 
[20230309 12:00:24] ["INFO"]  "[119] : 2023-03-19T06:21:29Z  : 2023-03-19T06:28:57Z  : 33554  : "false"" 
[20230309 12:00:24] ["INFO"]  "[120] : 2023-03-19T07:56:21Z  : 2023-03-19T08:07:39Z  : 33555  : "false"" 
[20230309 12:00:24] ["INFO"]  "[121] : 2023-03-19T09:39:26Z  : 2023-03-19T09:40:48Z  : 33556  : "false"" 
[20230309 12:00:24] ["INFO"]  "[122] : 2023-03-19T19:54:02Z  : 2023-03-19T20:04:24Z  : 33562  : "false"" 
[20230309 12:00:25] ["INFO"]  "[123] : 2023-03-19T21:31:26Z  : 2023-03-19T21:41:33Z  : 33563  : "false"" 
[20230309 12:00:25] ["INFO"]  "[124] : 2023-03-20T06:56:49Z  : 2023-03-20T07:06:58Z  : 33569  : "false"" 
[20230309 12:00:25] ["INFO"]  "[125] : 2023-03-20T08:34:02Z  : 2023-03-20T08:44:21Z  : 33570  : "false"" 
[20230309 12:00:25] ["INFO"]  "[126] : 2023-03-20T18:57:19Z  : 2023-03-20T18:59:17Z  : 33576  : "false"" 
[20230309 12:00:25] ["INFO"]  "[127] : 2023-03-20T20:30:45Z  : 2023-03-20T20:42:04Z  : 33577  : "false"" 
[20230309 12:00:26] ["INFO"]  "[128] : 2023-03-20T22:09:29Z  : 2023-03-20T22:16:53Z  : 33578  : "false"" 
[20230309 12:00:26] ["INFO"]  "[129] : 2023-03-21T06:00:22Z  : 2023-03-21T06:04:19Z  : 33583  : "false"" 
[20230309 12:00:26] ["INFO"]  "[130] : 2023-03-21T07:33:10Z  : 2023-03-21T07:44:24Z  : 33584  : "false"" 
[20230309 12:00:26] ["INFO"]  "[131] : 2023-03-21T09:12:56Z  : 2023-03-21T09:20:14Z  : 33585  : "false"" 
[20230309 12:00:26] ["INFO"]  "[132] : 2023-03-21T19:31:23Z  : 2023-03-21T19:40:14Z  : 33591  : "false"" 
[20230309 12:00:26] ["INFO"]  "[133] : 2023-03-21T21:07:56Z  : 2023-03-21T21:18:54Z  : 33592  : "false"" 
[20230309 12:00:27] ["INFO"]  "[134] : 2023-03-22T06:34:32Z  : 2023-03-22T06:43:15Z  : 33598  : "false"" 
[20230309 12:00:27] ["INFO"]  "[135] : 2023-03-22T08:10:19Z  : 2023-03-22T08:21:25Z  : 33599  : "false"" 
[20230309 12:00:27] ["INFO"]  "[136] : 2023-03-22T20:07:41Z  : 2023-03-22T20:18:34Z  : 33606  : "false"" 
[20230309 12:00:27] ["INFO"]  "[137] : 2023-03-22T21:45:33Z  : 2023-03-22T21:54:53Z  : 33607  : "false"" 
[20230309 12:00:27] ["INFO"]  "[138] : 2023-03-23T07:10:18Z  : 2023-03-23T07:21:00Z  : 33613  : "false"" 
[20230309 12:00:28] ["INFO"]  "[139] : 2023-03-23T08:48:22Z  : 2023-03-23T08:57:53Z  : 33614  : "false"" 
[20230309 12:00:28] ["INFO"]  "[140] : 2023-03-23T19:09:20Z  : 2023-03-23T19:15:20Z  : 33620  : "false"" 
[20230309 12:00:28] ["INFO"]  "[141] : 2023-03-23T20:44:35Z  : 2023-03-23T20:55:54Z  : 33621  : "false"" 
[20230309 12:00:28] ["INFO"]  "For the time slots examined within the contact table there is no intersection or they are out of bounds." 
[20230309 12:00:28] ["WARNING"]  "Therefore any running instance of ssm will be terminated." 
[20230309 12:00:28] ["INFO"]  ERROR: 
[20230309 12:01:42] ["INFO"]  ↓↓↓↓↓↓↓↓↓↓↓↓↓↓↓↓↓↓↓↓↓↓↓↓↓↓↓↓↓↓↓↓ 
[20230309 12:01:42] ["INFO"]  "Script Has been initiated" 
[20230309 12:01:42] ["INFO"]  "Currentdate : 2023-03-09-12:01:42" 
[20230309 12:01:42] ["INFO"]  "Contact table is being searched" 
[20230309 12:01:42] ["INFO"]  "CONTACT_TABLE : C:\Users\knn\Desktop\BATCH\GKT_20230221103925_CONTACT.xml" 
[20230309 12:01:43] ["INFO"]  "[0] : 2023-02-21T20:03:20Z  : 2023-02-21T20:14:05Z  : 33182  : "false"" 
[20230309 12:01:43] ["INFO"]  "[1] : 2023-02-21T21:41:04Z  : 2023-02-21T21:50:40Z  : 33183  : "false"" 
[20230309 12:01:43] ["INFO"]  "[2] : 2023-02-22T07:06:01Z  : 2023-02-22T07:16:34Z  : 33189  : "false"" 
[20230309 12:01:43] ["INFO"]  "[3] : 2023-02-22T08:43:49Z  : 2023-02-22T08:53:37Z  : 33190  : "false"" 
[20230309 12:01:43] ["INFO"]  "[4] : 2023-02-22T19:05:19Z  : 2023-02-22T19:10:30Z  : 33196  : "false"" 
[20230309 12:01:43] ["INFO"]  "[5] : 2023-02-22T20:40:13Z  : 2023-02-22T20:51:33Z  : 33197  : "false"" 
[20230309 12:01:43] ["INFO"]  "[6] : 2023-02-22T22:19:24Z  : 2023-02-22T22:25:38Z  : 33198  : "false"" 
[20230309 12:01:44] ["INFO"]  "[7] : 2023-02-23T06:08:47Z  : 2023-02-23T06:14:33Z  : 33203  : "false"" 
[20230309 12:01:44] ["INFO"]  "[8] : 2023-02-23T07:42:36Z  : 2023-02-23T07:53:55Z  : 33204  : "false"" 
[20230309 12:01:44] ["INFO"]  "[9] : 2023-02-23T09:23:17Z  : 2023-02-23T09:29:06Z  : 33205  : "false"" 
[20230309 12:01:44] ["INFO"]  "[10] : 2023-02-23T19:40:36Z  : 2023-02-23T19:50:12Z  : 33211  : "false"" 
[20230309 12:01:44] ["INFO"]  "[11] : 2023-02-23T21:17:32Z  : 2023-02-23T21:28:12Z  : 33212  : "false"" 
[20230309 12:01:42] ["INFO"]  "[12] : 2023-02-24T06:43:36Z  : 2023-02-24T06:53:00Z  : 33218  : "false"" 
[20230309 12:01:45] ["INFO"]  "[13] : 2023-02-24T08:20:00Z  : 2023-02-24T08:30:50Z  : 33219  : "false"" 
[20230309 12:01:42] ["INFO"]  "[14] : 2023-02-24T20:17:07Z  : 2023-02-24T20:28:15Z  : 33226  : "false"" 
[20230309 12:01:46] ["INFO"]  "[15] : 2023-02-24T21:55:20Z  : 2023-02-24T22:03:58Z  : 33227  : "false"" 
[20230309 12:01:46] ["INFO"]  "[16] : 2023-02-25T07:19:39Z  : 2023-02-25T07:30:38Z  : 33233  : "false"" 
[20230309 12:01:42] ["INFO"]  "[17] : 2023-02-25T08:58:23Z  : 2023-02-25T09:07:08Z  : 33234  : "false"" 
[20230309 12:01:42] ["INFO"]  "[18] : 2023-02-25T19:18:17Z  : 2023-02-25T19:25:44Z  : 33240  : "false"" 
[20230309 12:01:42] ["INFO"]  "[19] : 2023-02-25T20:54:10Z  : 2023-02-25T21:05:24Z  : 33241  : "false"" 
[20230309 12:01:42] ["INFO"]  "[20] : 2023-02-25T22:34:22Z  : 2023-02-25T22:38:04Z  : 33242  : "false"" 
[20230309 12:01:48] ["INFO"]  "[21] : 2023-02-26T06:21:39Z  : 2023-02-26T06:29:09Z  : 33247  : "false"" 
[20230309 12:01:48] ["INFO"]  "[22] : 2023-02-26T07:56:32Z  : 2023-02-26T08:07:50Z  : 33248  : "false"" 
[20230309 12:01:48] ["INFO"]  "[23] : 2023-02-26T09:39:48Z  : 2023-02-26T09:40:49Z  : 33249  : "false"" 
[20230309 12:01:49] ["INFO"]  "[24] : 2023-02-26T19:54:14Z  : 2023-02-26T20:04:36Z  : 33255  : "false"" 
[20230309 12:01:49] ["INFO"]  "[25] : 2023-02-26T21:31:39Z  : 2023-02-26T21:41:45Z  : 33256  : "false"" 
[20230309 12:01:49] ["INFO"]  "[26] : 2023-02-27T06:57:01Z  : 2023-02-27T07:07:11Z  : 33262  : "false"" 
[20230309 12:01:49] ["INFO"]  "[27] : 2023-02-27T08:34:15Z  : 2023-02-27T08:44:33Z  : 33263  : "false"" 
[20230309 12:01:49] ["INFO"]  "[28] : 2023-02-27T18:57:26Z  : 2023-02-27T18:59:37Z  : 33269  : "false"" 
[20230309 12:01:49] ["INFO"]  "[29] : 2023-02-27T20:30:59Z  : 2023-02-27T20:42:17Z  : 33270  : "false"" 
